<?xml version="1.0" encoding="UTF-8"?>
<testsuite name="SILab2Test" tests="2" skipped="0" failures="0" errors="0" timestamp="2022-06-03T18:58:14" hostname="DESKTOP-608C7AP" time="0.023">
  <properties/>
  <testcase name="everyPathTest()" classname="SILab2Test" time="0.018"/>
  <testcase name="everyStatementTest()" classname="SILab2Test" time="0.004"/>
  <system-out><![CDATA[]]></system-out>
  <system-err><![CDATA[]]></system-err>
</testsuite>
